<?xml version="1.0" encoding="UTF-8"?>
<!-- Generated by org.testng.reporters.JUnitXMLReporter -->
<testsuite hostname="Art-Samir" failures="0" tests="4" name="Default test" time="57.175" errors="0" timestamp="18 Jul 2024 14:12:38 GMT">
  <testcase classname="runner.TestRunner" name="" time="18.249"/>
  <testcase classname="runner.TestRunner" name="" time="10.157"/>
  <testcase classname="runner.TestRunner" name="" time="18.287"/>
  <testcase classname="runner.TestRunner" name="" time="10.045"/>
</testsuite> <!-- Default test -->
